# JRE version: OpenJDK Runtime Environment Temurin-21.0.3+9 (21.0.3+9) (build 21.0.3+9-LTS)
# Java VM: OpenJDK 64-Bit Server VM Temurin-21.0.3+9 (21.0.3+9-LTS, mixed mode, emulated-client, tiered, compressed oops, compressed class ptrs, g1 gc, windows-amd64)
GC Precious Log:
 CardTable entry size: 512
 Card Set container configuration: InlinePtr #cards 4 size 8 Array Of Cards #cards 16 size 48 Howl #buckets 8 coarsen threshold 3686 Howl Bitmap #cards 512 size 80 coarsen threshold 460 Card regions per heap region 1 cards per card region 4096
 CPUs: 12 total, 12 available
 Memory: 16301M
 Large Page Support: Disabled
 NUMA Support: Disabled
 Compressed Oops: Enabled (Zero based)
 Heap Region Size: 2M
 Heap Min Capacity: 8M
 Heap Initial Capacity: 256M
 Heap Max Capacity: 4076M
 Pre-touch: Disabled
 Parallel Workers: 10
 Concurrent Workers: 3
 Concurrent Refinement Workers: 10
 Periodic GC: Disabled
Heap:
 garbage-first heap   total 110592K, used 92182K [0x0000000701400000, 0x0000000800000000)
  region size 2048K, 32 young (65536K), 3 survivors (6144K)
 Metaspace       used 80152K, committed 80832K, reserved 1179648K
  class space    used 10515K, committed 10816K, reserved 1048576K
GC Heap History (20 events):
Event: 1.407 GC heap after
{Heap after GC invocations=8 (full 0):
 garbage-first heap   total 159744K, used 15613K [0x0000000701400000, 0x0000000800000000)
  region size 2048K, 3 young (6144K), 3 survivors (6144K)
 Metaspace       used 35642K, committed 35968K, reserved 1114112K
  class space    used 4119K, committed 4288K, reserved 1048576K
}
Event: 1.557 GC heap before
{Heap before GC invocations=9 (full 0):
 garbage-first heap   total 61440K, used 46333K [0x0000000701400000, 0x0000000800000000)
  region size 2048K, 18 young (36864K), 3 survivors (6144K)
 Metaspace       used 37856K, committed 38272K, reserved 1114112K
  class space    used 4423K, committed 4608K, reserved 1048576K
}
Event: 1.560 GC heap after
{Heap after GC invocations=10 (full 0):
 garbage-first heap   total 61440K, used 17729K [0x0000000701400000, 0x0000000800000000)
  region size 2048K, 3 young (6144K), 3 survivors (6144K)
 Metaspace       used 37856K, committed 38272K, reserved 1114112K
  class space    used 4423K, committed 4608K, reserved 1048576K
}
Event: 1.781 GC heap before
{Heap before GC invocations=10 (full 0):
 garbage-first heap   total 61440K, used 48449K [0x0000000701400000, 0x0000000800000000)
  region size 2048K, 18 young (36864K), 3 survivors (6144K)
 Metaspace       used 39309K, committed 39680K, reserved 1114112K
  class space    used 4640K, committed 4800K, reserved 1048576K
}
Event: 1.784 GC heap after
{Heap after GC invocations=11 (full 0):
 garbage-first heap   total 61440K, used 18880K [0x0000000701400000, 0x0000000800000000)
  region size 2048K, 2 young (4096K), 2 survivors (4096K)
 Metaspace       used 39309K, committed 39680K, reserved 1114112K
  class space    used 4640K, committed 4800K, reserved 1048576K
}
Event: 1.995 GC heap before
{Heap before GC invocations=11 (full 0):
 garbage-first heap   total 61440K, used 51648K [0x0000000701400000, 0x0000000800000000)
  region size 2048K, 18 young (36864K), 2 survivors (4096K)
 Metaspace       used 41431K, committed 41792K, reserved 1114112K
  class space    used 4961K, committed 5120K, reserved 1048576K
}
Event: 1.998 GC heap after
{Heap after GC invocations=12 (full 0):
 garbage-first heap   total 161792K, used 19692K [0x0000000701400000, 0x0000000800000000)
  region size 2048K, 3 young (6144K), 3 survivors (6144K)
 Metaspace       used 41431K, committed 41792K, reserved 1114112K
  class space    used 4961K, committed 5120K, reserved 1048576K
}
Event: 2.597 GC heap before
{Heap before GC invocations=12 (full 0):
 garbage-first heap   total 161792K, used 107756K [0x0000000701400000, 0x0000000800000000)
  region size 2048K, 47 young (96256K), 3 survivors (6144K)
 Metaspace       used 48897K, committed 49536K, reserved 1114112K
  class space    used 5989K, committed 6272K, reserved 1048576K
}
Event: 2.602 GC heap after
{Heap after GC invocations=13 (full 0):
 garbage-first heap   total 161792K, used 24412K [0x0000000701400000, 0x0000000800000000)
  region size 2048K, 5 young (10240K), 5 survivors (10240K)
 Metaspace       used 48897K, committed 49536K, reserved 1114112K
  class space    used 5989K, committed 6272K, reserved 1048576K
}
Event: 3.042 GC heap before
{Heap before GC invocations=13 (full 0):
 garbage-first heap   total 161792K, used 110428K [0x0000000701400000, 0x0000000800000000)
  region size 2048K, 47 young (96256K), 5 survivors (10240K)
 Metaspace       used 57083K, committed 57728K, reserved 1114112K
  class space    used 7042K, committed 7296K, reserved 1048576K
}
Event: 3.046 GC heap after
{Heap after GC invocations=14 (full 0):
 garbage-first heap   total 161792K, used 26676K [0x0000000701400000, 0x0000000800000000)
  region size 2048K, 4 young (8192K), 4 survivors (8192K)
 Metaspace       used 57083K, committed 57728K, reserved 1114112K
  class space    used 7042K, committed 7296K, reserved 1048576K
}
Event: 3.209 GC heap before
{Heap before GC invocations=14 (full 0):
 garbage-first heap   total 161792K, used 59444K [0x0000000701400000, 0x0000000800000000)
  region size 2048K, 20 young (40960K), 4 survivors (8192K)
 Metaspace       used 59570K, committed 60160K, reserved 1114112K
  class space    used 7485K, committed 7744K, reserved 1048576K
}
Event: 3.212 GC heap after
{Heap after GC invocations=15 (full 0):
 garbage-first heap   total 161792K, used 28892K [0x0000000701400000, 0x0000000800000000)
  region size 2048K, 2 young (4096K), 2 survivors (4096K)
 Metaspace       used 59570K, committed 60160K, reserved 1114112K
  class space    used 7485K, committed 7744K, reserved 1048576K
}
Event: 3.535 GC heap before
{Heap before GC invocations=16 (full 0):
 garbage-first heap   total 110592K, used 90332K [0x0000000701400000, 0x0000000800000000)
  region size 2048K, 32 young (65536K), 2 survivors (4096K)
 Metaspace       used 64949K, committed 65600K, reserved 1114112K
  class space    used 8261K, committed 8576K, reserved 1048576K
}
Event: 3.538 GC heap after
{Heap after GC invocations=17 (full 0):
 garbage-first heap   total 110592K, used 30033K [0x0000000701400000, 0x0000000800000000)
  region size 2048K, 3 young (6144K), 3 survivors (6144K)
 Metaspace       used 64949K, committed 65600K, reserved 1114112K
  class space    used 8261K, committed 8576K, reserved 1048576K
}
Event: 3.871 GC heap before
{Heap before GC invocations=17 (full 0):
 garbage-first heap   total 110592K, used 89425K [0x0000000701400000, 0x0000000800000000)
  region size 2048K, 32 young (65536K), 3 survivors (6144K)
 Metaspace       used 71332K, committed 72000K, reserved 1114112K
  class space    used 9297K, committed 9600K, reserved 1048576K
}
Event: 3.874 GC heap after
{Heap after GC invocations=18 (full 0):
 garbage-first heap   total 110592K, used 30524K [0x0000000701400000, 0x0000000800000000)
  region size 2048K, 3 young (6144K), 3 survivors (6144K)
 Metaspace       used 71332K, committed 72000K, reserved 1114112K
  class space    used 9297K, committed 9600K, reserved 1048576K
}
Event: 4.211 GC heap before
{Heap before GC invocations=18 (full 0):
 garbage-first heap   total 110592K, used 89916K [0x0000000701400000, 0x0000000800000000)
  region size 2048K, 32 young (65536K), 3 survivors (6144K)
 Metaspace       used 76955K, committed 77696K, reserved 1179648K
  class space    used 10073K, committed 10432K, reserved 1048576K
}
Event: 4.215 GC heap after
{Heap after GC invocations=19 (full 0):
 garbage-first heap   total 110592K, used 32790K [0x0000000701400000, 0x0000000800000000)
  region size 2048K, 3 young (6144K), 3 survivors (6144K)
 Metaspace       used 76955K, committed 77696K, reserved 1179648K
  class space    used 10073K, committed 10432K, reserved 1048576K
}
Event: 801.079 GC heap before
{Heap before GC invocations=19 (full 0):
 garbage-first heap   total 110592K, used 92182K [0x0000000701400000, 0x0000000800000000)
  region size 2048K, 32 young (65536K), 3 survivors (6144K)
 Metaspace       used 80152K, committed 80832K, reserved 1179648K
  class space    used 10515K, committed 10816K, reserved 1048576K
}

